<?xml version="1.0" encoding="UTF-8"?>
<!-- Generated by org.testng.reporters.JUnitXMLReporter -->
<testsuite hostname="VLAM10170317.local" ignored="0" name="SampleTests" tests="6" failures="0" timestamp="02 Jul 2018 06:31:35 GMT" time="77.347" errors="0">
  <testcase name="blankEmail" time="0.772" classname="tests.LoginTest"/>
  <testcase name="blankPassword" time="0.888" classname="tests.LoginTest"/>
  <testcase name="invalidEmail" time="0.797" classname="tests.LoginTest"/>
  <testcase name="invalidPassword" time="0.844" classname="tests.LoginTest"/>
  <testcase name="nonExistentEmail" time="0.739" classname="tests.LoginTest"/>
  <testcase name="validLogin" time="8.234" classname="tests.LoginTest"/>
</testsuite> <!-- SampleTests -->
