<?xml version="1.0" encoding="UTF-8"?>
<testng-results skipped="0" failed="0" ignored="0" total="1" passed="1">
  <reporter-output>
  </reporter-output>
  <suite name="PCLenderSampleTestSuite" duration-ms="17689" started-at="2018-07-10T14:15:24Z" finished-at="2018-07-10T14:15:41Z">
    <groups>
    </groups>
    <test name="SmokeTest" duration-ms="17689" started-at="2018-07-10T14:15:24Z" finished-at="2018-07-10T14:15:41Z">
      <class name="tests.SmokeTest">
        <test-method status="PASS" signature="beforeClass()[pri:0, instance:tests.SmokeTest@724af044]" name="beforeClass" is-config="true" duration-ms="10185" started-at="2018-07-10T14:15:24Z" finished-at="2018-07-10T14:15:34Z">
          <reporter-output>
          </reporter-output>
        </test-method> <!-- beforeClass -->
        <test-method status="PASS" signature="Smoke()[pri:0, instance:tests.SmokeTest@724af044]" name="Smoke" duration-ms="6458" started-at="2018-07-10T14:15:34Z" finished-at="2018-07-10T14:15:40Z">
          <reporter-output>
          </reporter-output>
        </test-method> <!-- Smoke -->
        <test-method status="PASS" signature="afterClass()[pri:0, instance:tests.SmokeTest@724af044]" name="afterClass" is-config="true" duration-ms="1002" started-at="2018-07-10T14:15:40Z" finished-at="2018-07-10T14:15:41Z">
          <reporter-output>
          </reporter-output>
        </test-method> <!-- afterClass -->
      </class> <!-- tests.SmokeTest -->
    </test> <!-- SmokeTest -->
  </suite> <!-- PCLenderSampleTestSuite -->
</testng-results>
